  stdafx.cpp
  dllmain.cpp
  Source.cpp
D:\Programy\grp\GROBackendWV\GRO_Hook\AICLASS_PCClient_R\HookedFunctions.h(2,10): warning C4067: nieoczekiwane tokeny występujące po dyrektywie preprocesora - oczekiwano nowego wiersza
D:\Programy\grp\GROBackendWV\GRO_Hook\AICLASS_PCClient_R\HookedFunctions.h(94,3): warning C4996: 'sprintf': This function or variable may be unsafe. Consider using sprintf_s instead. To disable deprecation, use _CRT_SECURE_NO_WARNINGS. See online help for details.
D:\Programy\grp\GROBackendWV\GRO_Hook\AICLASS_PCClient_R\HookedFunctions.h(100,3): warning C4996: 'sprintf': This function or variable may be unsafe. Consider using sprintf_s instead. To disable deprecation, use _CRT_SECURE_NO_WARNINGS. See online help for details.
D:\Programy\grp\GROBackendWV\GRO_Hook\AICLASS_PCClient_R\HookedFunctions.h(103,3): warning C4996: 'sprintf': This function or variable may be unsafe. Consider using sprintf_s instead. To disable deprecation, use _CRT_SECURE_NO_WARNINGS. See online help for details.
D:\Programy\grp\GROBackendWV\GRO_Hook\AICLASS_PCClient_R\HookedFunctions.h(110,2): warning C4996: 'sprintf': This function or variable may be unsafe. Consider using sprintf_s instead. To disable deprecation, use _CRT_SECURE_NO_WARNINGS. See online help for details.
D:\Programy\grp\GROBackendWV\GRO_Hook\AICLASS_PCClient_R\HookedFunctions.h(111,2): warning C4996: 'sprintf': This function or variable may be unsafe. Consider using sprintf_s instead. To disable deprecation, use _CRT_SECURE_NO_WARNINGS. See online help for details.
D:\Programy\grp\GROBackendWV\GRO_Hook\AICLASS_PCClient_R\HookedFunctions.h(120,17): warning C4477: „sprintf”: ciąg formatu „%s” wymaga argumentu typu „char *”, ale argument 4 ze zmienną liczbą argumentów ma typ „DWORD”
D:\Programy\grp\GROBackendWV\GRO_Hook\AICLASS_PCClient_R\HookedFunctions.h(119,2): warning C4996: 'sprintf': This function or variable may be unsafe. Consider using sprintf_s instead. To disable deprecation, use _CRT_SECURE_NO_WARNINGS. See online help for details.
D:\Programy\grp\GROBackendWV\GRO_Hook\AICLASS_PCClient_R\HookedFunctions.h(120,2): warning C4996: 'sprintf': This function or variable may be unsafe. Consider using sprintf_s instead. To disable deprecation, use _CRT_SECURE_NO_WARNINGS. See online help for details.
D:\Programy\grp\GROBackendWV\GRO_Hook\AICLASS_PCClient_R\HookedFunctions.h(129,17): warning C4477: „sprintf”: ciąg formatu „%s” wymaga argumentu typu „char *”, ale argument 4 ze zmienną liczbą argumentów ma typ „DWORD”
D:\Programy\grp\GROBackendWV\GRO_Hook\AICLASS_PCClient_R\HookedFunctions.h(128,2): warning C4996: 'sprintf': This function or variable may be unsafe. Consider using sprintf_s instead. To disable deprecation, use _CRT_SECURE_NO_WARNINGS. See online help for details.
D:\Programy\grp\GROBackendWV\GRO_Hook\AICLASS_PCClient_R\HookedFunctions.h(129,2): warning C4996: 'sprintf': This function or variable may be unsafe. Consider using sprintf_s instead. To disable deprecation, use _CRT_SECURE_NO_WARNINGS. See online help for details.
D:\Programy\grp\GROBackendWV\GRO_Hook\AICLASS_PCClient_R\HookedFunctions.h(166,17): warning C4477: „sprintf”: ciąg formatu „%08X” wymaga argumentu typu „unsigned int”, ale argument 5 ze zmienną liczbą argumentów ma typ „DWORD *”
D:\Programy\grp\GROBackendWV\GRO_Hook\AICLASS_PCClient_R\HookedFunctions.h(138,3): warning C4996: 'sprintf': This function or variable may be unsafe. Consider using sprintf_s instead. To disable deprecation, use _CRT_SECURE_NO_WARNINGS. See online help for details.
D:\Programy\grp\GROBackendWV\GRO_Hook\AICLASS_PCClient_R\HookedFunctions.h(166,2): warning C4996: 'sprintf': This function or variable may be unsafe. Consider using sprintf_s instead. To disable deprecation, use _CRT_SECURE_NO_WARNINGS. See online help for details.
D:\Programy\grp\GROBackendWV\GRO_Hook\AICLASS_PCClient_R\HookedFunctions.h(215,2): warning C4996: 'sprintf': This function or variable may be unsafe. Consider using sprintf_s instead. To disable deprecation, use _CRT_SECURE_NO_WARNINGS. See online help for details.
D:\Programy\grp\GROBackendWV\GRO_Hook\AICLASS_PCClient_R\HookedFunctions.h(223,2): warning C4996: 'sprintf': This function or variable may be unsafe. Consider using sprintf_s instead. To disable deprecation, use _CRT_SECURE_NO_WARNINGS. See online help for details.
D:\Programy\grp\GROBackendWV\GRO_Hook\AICLASS_PCClient_R\HookedFunctions.h(231,2): warning C4996: 'sprintf': This function or variable may be unsafe. Consider using sprintf_s instead. To disable deprecation, use _CRT_SECURE_NO_WARNINGS. See online help for details.
D:\Programy\grp\GROBackendWV\GRO_Hook\AICLASS_PCClient_R\HookedFunctions.h(239,2): warning C4996: 'sprintf': This function or variable may be unsafe. Consider using sprintf_s instead. To disable deprecation, use _CRT_SECURE_NO_WARNINGS. See online help for details.
D:\Programy\grp\GROBackendWV\GRO_Hook\AICLASS_PCClient_R\HookedFunctions.h(247,2): warning C4996: 'sprintf': This function or variable may be unsafe. Consider using sprintf_s instead. To disable deprecation, use _CRT_SECURE_NO_WARNINGS. See online help for details.
D:\Programy\grp\GROBackendWV\GRO_Hook\AICLASS_PCClient_R\HookedFunctions.h(255,2): warning C4996: 'sprintf': This function or variable may be unsafe. Consider using sprintf_s instead. To disable deprecation, use _CRT_SECURE_NO_WARNINGS. See online help for details.
D:\Programy\grp\GROBackendWV\GRO_Hook\AICLASS_PCClient_R\HookedFunctions.h(263,2): warning C4996: 'sprintf': This function or variable may be unsafe. Consider using sprintf_s instead. To disable deprecation, use _CRT_SECURE_NO_WARNINGS. See online help for details.
D:\Programy\grp\GROBackendWV\GRO_Hook\AICLASS_PCClient_R\HookedFunctions.h(271,2): warning C4996: 'sprintf': This function or variable may be unsafe. Consider using sprintf_s instead. To disable deprecation, use _CRT_SECURE_NO_WARNINGS. See online help for details.
D:\Programy\grp\GROBackendWV\GRO_Hook\AICLASS_PCClient_R\HookedFunctions.h(279,2): warning C4996: 'sprintf': This function or variable may be unsafe. Consider using sprintf_s instead. To disable deprecation, use _CRT_SECURE_NO_WARNINGS. See online help for details.
D:\Programy\grp\GROBackendWV\GRO_Hook\AICLASS_PCClient_R\HookedFunctions.h(287,2): warning C4996: 'sprintf': This function or variable may be unsafe. Consider using sprintf_s instead. To disable deprecation, use _CRT_SECURE_NO_WARNINGS. See online help for details.
D:\Programy\grp\GROBackendWV\GRO_Hook\AICLASS_PCClient_R\HookedFunctions.h(295,2): warning C4996: 'sprintf': This function or variable may be unsafe. Consider using sprintf_s instead. To disable deprecation, use _CRT_SECURE_NO_WARNINGS. See online help for details.
D:\Programy\grp\GROBackendWV\GRO_Hook\AICLASS_PCClient_R\HookedFunctions.h(303,2): warning C4996: 'sprintf': This function or variable may be unsafe. Consider using sprintf_s instead. To disable deprecation, use _CRT_SECURE_NO_WARNINGS. See online help for details.
D:\Programy\grp\GROBackendWV\GRO_Hook\AICLASS_PCClient_R\HookedFunctions.h(336,3): warning C4996: 'sprintf': This function or variable may be unsafe. Consider using sprintf_s instead. To disable deprecation, use _CRT_SECURE_NO_WARNINGS. See online help for details.
D:\Programy\grp\GROBackendWV\GRO_Hook\AICLASS_PCClient_R\HookedFunctions.h(337,14): warning C4996: 'fopen': This function or variable may be unsafe. Consider using fopen_s instead. To disable deprecation, use _CRT_SECURE_NO_WARNINGS. See online help for details.
D:\Programy\grp\GROBackendWV\GRO_Hook\AICLASS_PCClient_R\Source.cpp(12,2): warning C4996: 'freopen': This function or variable may be unsafe. Consider using freopen_s instead. To disable deprecation, use _CRT_SECURE_NO_WARNINGS. See online help for details.
D:\Programy\grp\GROBackendWV\GRO_Hook\AICLASS_PCClient_R\Source.cpp(13,2): warning C4996: 'freopen': This function or variable may be unsafe. Consider using freopen_s instead. To disable deprecation, use _CRT_SECURE_NO_WARNINGS. See online help for details.
D:\Programy\grp\GROBackendWV\GRO_Hook\AICLASS_PCClient_R\Source.cpp(14,2): warning C4996: 'freopen': This function or variable may be unsafe. Consider using freopen_s instead. To disable deprecation, use _CRT_SECURE_NO_WARNINGS. See online help for details.
D:\Programy\grp\GROBackendWV\GRO_Hook\AICLASS_PCClient_R\Source.cpp(42,13): warning C4996: 'fopen': This function or variable may be unsafe. Consider using fopen_s instead. To disable deprecation, use _CRT_SECURE_NO_WARNINGS. See online help for details.
D:\Programy\grp\GROBackendWV\GRO_Hook\AICLASS_PCClient_R\Source.cpp(48,13): warning C4996: 'fopen': This function or variable may be unsafe. Consider using fopen_s instead. To disable deprecation, use _CRT_SECURE_NO_WARNINGS. See online help for details.
D:\Programy\grp\GROBackendWV\GRO_Hook\AICLASS_PCClient_R\Source.cpp(222,2): warning C4996: 'sprintf': This function or variable may be unsafe. Consider using sprintf_s instead. To disable deprecation, use _CRT_SECURE_NO_WARNINGS. See online help for details.
D:\Programy\grp\GROBackendWV\GRO_Hook\AICLASS_PCClient_R\Source.cpp(230,2): warning C4996: 'sprintf': This function or variable may be unsafe. Consider using sprintf_s instead. To disable deprecation, use _CRT_SECURE_NO_WARNINGS. See online help for details.
  ZenStuff.cpp
D:\Programy\grp\GROBackendWV\GRO_Hook\AICLASS_PCClient_R\ZenStuff.cpp(34,3): warning C4996: 'vsprintf': This function or variable may be unsafe. Consider using vsprintf_s instead. To disable deprecation, use _CRT_SECURE_NO_WARNINGS. See online help for details.
D:\Programy\grp\GROBackendWV\GRO_Hook\AICLASS_PCClient_R\ZenStuff.cpp(62,7): warning C4996: 'fopen': This function or variable may be unsafe. Consider using fopen_s instead. To disable deprecation, use _CRT_SECURE_NO_WARNINGS. See online help for details.
D:\Programy\grp\GROBackendWV\GRO_Hook\AICLASS_PCClient_R\ZenStuff.cpp(64,7): warning C4996: 'fopen': This function or variable may be unsafe. Consider using fopen_s instead. To disable deprecation, use _CRT_SECURE_NO_WARNINGS. See online help for details.
  Generowanie kodu...
D:\Programy\grp\GROBackendWV\GRO_Hook\AICLASS_PCClient_R\HookedFunctions.h(328): warning C4172: zwracanie adresu lokalnej zmiennej lub tymczasowej: result
     Trwa tworzenie biblioteki D:\Programy\grp\GROBackendWV\GRO_Hook\Release\AICLASS_PCClient_R.lib i obiektu D:\Programy\grp\GROBackendWV\GRO_Hook\Release\AICLASS_PCClient_R.exp
  LINK : określono opcję /LTCG, lecz generowanie kodu nie było wymagane; usuń opcję /LTCG z wiersza polecenia konsolidatora w celu podwyższenia wydajności konsolidatora
detours.lib(detours.obj) : warning LNK4099: nie znaleziono pliku PDB „detours.pdb” z elementem „detours.lib(detours.obj)” lub w pozycji „D:\Programy\grp\GROBackendWV\GRO_Hook\Release\detours.pdb”; obiekt zostanie skonsolidowany bez informacji debugowania
detours.lib(disasm.obj) : warning LNK4099: nie znaleziono pliku PDB „detours.pdb” z elementem „detours.lib(disasm.obj)” lub w pozycji „D:\Programy\grp\GROBackendWV\GRO_Hook\Release\detours.pdb”; obiekt zostanie skonsolidowany bez informacji debugowania
  AICLASS_PCClient_R.vcxproj -> D:\Programy\grp\GROBackendWV\GRO_Hook\Release\AICLASS_PCClient_R.dll
